<?xml version="1.0" encoding="UTF-8"?>
<!-- Generated by org.testng.reporters.JUnitXMLReporter -->
<testsuite ignored="0" hostname="HPELITEBOOK-04" failures="0" tests="3" name="chrometest" time="0.225" errors="0" timestamp="2022-05-29T17:50:44 IST">
  <testcase classname="com.SauceDemo1.TestClasses.TestBaseClass" name="@BeforeMethod setup" time="0.077">
    <failure type="java.lang.IllegalStateException" message="The driver executable must be a regular file: C:\Users\apande\Downloads\chrome">
      <![CDATA[java.lang.IllegalStateException: The driver executable must be a regular file: C:\Users\apande\Downloads\chrome
at org.openqa.selenium.internal.Require$FileStateChecker.isFile(Require.java:345)
at org.openqa.selenium.remote.service.DriverService.checkExecutable(DriverService.java:147)
at org.openqa.selenium.remote.service.DriverService.findExecutable(DriverService.java:142)
at org.openqa.selenium.chrome.ChromeDriverService.access$000(ChromeDriverService.java:38)
at org.openqa.selenium.chrome.ChromeDriverService$Builder.findDefaultExecutable(ChromeDriverService.java:231)
at org.openqa.selenium.remote.service.DriverService$Builder.build(DriverService.java:437)
at org.openqa.selenium.chrome.ChromeDriverService.createDefaultService(ChromeDriverService.java:127)
at org.openqa.selenium.chrome.ChromeDriver.<init>(ChromeDriver.java:48)
at com.SauceDemo1.TestClasses.TestBaseClass.setup(TestBaseClass.java:27)
at java.base/java.util.ArrayList.forEach(ArrayList.java:1511)
... Removed 31 stack frames]]>
    </failure>
  </testcase> <!-- @BeforeMethod setup -->
  <testcase classname="com.SauceDemo1.TestClasses.TestBaseClass" name="@AfterMethod tearDown" time="-1.653826844461E9">
    <skipped/>
  </testcase> <!-- @AfterMethod tearDown -->
  <testcase classname="com.SauceDemo1.TestClasses.TestBaseClass" name="@BeforeMethod setup" time="0.011">
    <failure type="java.lang.IllegalStateException" message="The driver executable must be a regular file: C:\Users\apande\Downloads\chrome">
      <![CDATA[java.lang.IllegalStateException: The driver executable must be a regular file: C:\Users\apande\Downloads\chrome
at org.openqa.selenium.internal.Require$FileStateChecker.isFile(Require.java:345)
at org.openqa.selenium.remote.service.DriverService.checkExecutable(DriverService.java:147)
at org.openqa.selenium.remote.service.DriverService.findExecutable(DriverService.java:142)
at org.openqa.selenium.chrome.ChromeDriverService.access$000(ChromeDriverService.java:38)
at org.openqa.selenium.chrome.ChromeDriverService$Builder.findDefaultExecutable(ChromeDriverService.java:231)
at org.openqa.selenium.remote.service.DriverService$Builder.build(DriverService.java:437)
at org.openqa.selenium.chrome.ChromeDriverService.createDefaultService(ChromeDriverService.java:127)
at org.openqa.selenium.chrome.ChromeDriver.<init>(ChromeDriver.java:48)
at com.SauceDemo1.TestClasses.TestBaseClass.setup(TestBaseClass.java:27)
at java.base/java.util.ArrayList.forEach(ArrayList.java:1511)
... Removed 31 stack frames]]>
    </failure>
  </testcase> <!-- @BeforeMethod setup -->
  <testcase classname="com.SauceDemo1.TestClasses.TestBaseClass" name="@AfterMethod tearDown" time="-1.653826844494E9">
    <skipped/>
  </testcase> <!-- @AfterMethod tearDown -->
  <testcase classname="com.SauceDemo1.TestClasses.TestBaseClass" name="@BeforeMethod setup" time="0.027">
    <failure type="java.lang.IllegalStateException" message="The driver executable must be a regular file: C:\Users\apande\Downloads\chrome">
      <![CDATA[java.lang.IllegalStateException: The driver executable must be a regular file: C:\Users\apande\Downloads\chrome
at org.openqa.selenium.internal.Require$FileStateChecker.isFile(Require.java:345)
at org.openqa.selenium.remote.service.DriverService.checkExecutable(DriverService.java:147)
at org.openqa.selenium.remote.service.DriverService.findExecutable(DriverService.java:142)
at org.openqa.selenium.chrome.ChromeDriverService.access$000(ChromeDriverService.java:38)
at org.openqa.selenium.chrome.ChromeDriverService$Builder.findDefaultExecutable(ChromeDriverService.java:231)
at org.openqa.selenium.remote.service.DriverService$Builder.build(DriverService.java:437)
at org.openqa.selenium.chrome.ChromeDriverService.createDefaultService(ChromeDriverService.java:127)
at org.openqa.selenium.chrome.ChromeDriver.<init>(ChromeDriver.java:48)
at com.SauceDemo1.TestClasses.TestBaseClass.setup(TestBaseClass.java:27)
at java.base/java.util.ArrayList.forEach(ArrayList.java:1511)
... Removed 31 stack frames]]>
    </failure>
  </testcase> <!-- @BeforeMethod setup -->
  <testcase classname="com.SauceDemo1.TestClasses.TestBaseClass" name="@AfterMethod tearDown" time="-1.653826844536E9">
    <skipped/>
  </testcase> <!-- @AfterMethod tearDown -->
  <testcase classname="com.SauceDemo1.TestClasses.TC02LogOutPageFunctionality" name="LogoutFunctionality" time="0.0">
    <skipped/>
  </testcase> <!-- LogoutFunctionality -->
  <testcase classname="com.SauceDemo1.TestClasses.TC05SingleBuyProductFuntinality" name="SingleBuyProductFuntinality" time="0.0">
    <skipped/>
  </testcase> <!-- SingleBuyProductFuntinality -->
  <testcase classname="com.SauceDemo1.TestClasses.TC01LoginPageFunctionality" name="Loginfuntinality" time="0.0">
    <skipped/>
  </testcase> <!-- Loginfuntinality -->
</testsuite> <!-- chrometest -->
