<?xml version="1.0" encoding="UTF-8"?>
<!-- Generated by org.testng.reporters.JUnitXMLReporter -->
<testsuite ignored="0" hostname="HPELITEBOOK-04" failures="0" tests="3" name="FirefoxTest" time="0.162" errors="0" timestamp="2022-05-29T17:50:44 IST">
  <testcase classname="com.SauceDemo1.TestClasses.TestBaseClass" name="@BeforeMethod setup" time="0.022">
    <failure type="java.lang.IllegalStateException" message="The driver executable must exist: D:\Roshan\SELENIUM\geckodriver.exe">
      <![CDATA[java.lang.IllegalStateException: The driver executable must exist: D:\Roshan\SELENIUM\geckodriver.exe
at org.openqa.selenium.internal.Require$FileStateChecker.isFile(Require.java:342)
at org.openqa.selenium.remote.service.DriverService.checkExecutable(DriverService.java:147)
at org.openqa.selenium.remote.service.DriverService.findExecutable(DriverService.java:142)
at org.openqa.selenium.firefox.GeckoDriverService.access$100(GeckoDriverService.java:45)
at org.openqa.selenium.firefox.GeckoDriverService$Builder.findDefaultExecutable(GeckoDriverService.java:181)
at org.openqa.selenium.remote.service.DriverService$Builder.build(DriverService.java:437)
at org.openqa.selenium.firefox.GeckoDriverService.createDefaultService(GeckoDriverService.java:94)
at org.openqa.selenium.firefox.FirefoxDriver.<init>(FirefoxDriver.java:106)
at org.openqa.selenium.firefox.FirefoxDriver.<init>(FirefoxDriver.java:86)
at com.SauceDemo1.TestClasses.TestBaseClass.setup(TestBaseClass.java:34)
at java.base/java.util.ArrayList.forEach(ArrayList.java:1511)
... Removed 31 stack frames]]>
    </failure>
  </testcase> <!-- @BeforeMethod setup -->
  <testcase classname="com.SauceDemo1.TestClasses.TestBaseClass" name="@AfterMethod tearDown" time="-1.653826844736E9">
    <skipped/>
  </testcase> <!-- @AfterMethod tearDown -->
  <testcase classname="com.SauceDemo1.TestClasses.TestBaseClass" name="@BeforeMethod setup" time="0.011">
    <failure type="java.lang.IllegalStateException" message="The driver executable must exist: D:\Roshan\SELENIUM\geckodriver.exe">
      <![CDATA[java.lang.IllegalStateException: The driver executable must exist: D:\Roshan\SELENIUM\geckodriver.exe
at org.openqa.selenium.internal.Require$FileStateChecker.isFile(Require.java:342)
at org.openqa.selenium.remote.service.DriverService.checkExecutable(DriverService.java:147)
at org.openqa.selenium.remote.service.DriverService.findExecutable(DriverService.java:142)
at org.openqa.selenium.firefox.GeckoDriverService.access$100(GeckoDriverService.java:45)
at org.openqa.selenium.firefox.GeckoDriverService$Builder.findDefaultExecutable(GeckoDriverService.java:181)
at org.openqa.selenium.remote.service.DriverService$Builder.build(DriverService.java:437)
at org.openqa.selenium.firefox.GeckoDriverService.createDefaultService(GeckoDriverService.java:94)
at org.openqa.selenium.firefox.FirefoxDriver.<init>(FirefoxDriver.java:106)
at org.openqa.selenium.firefox.FirefoxDriver.<init>(FirefoxDriver.java:86)
at com.SauceDemo1.TestClasses.TestBaseClass.setup(TestBaseClass.java:34)
at java.base/java.util.ArrayList.forEach(ArrayList.java:1511)
... Removed 31 stack frames]]>
    </failure>
  </testcase> <!-- @BeforeMethod setup -->
  <testcase classname="com.SauceDemo1.TestClasses.TestBaseClass" name="@AfterMethod tearDown" time="-1.65382684478E9">
    <skipped/>
  </testcase> <!-- @AfterMethod tearDown -->
  <testcase classname="com.SauceDemo1.TestClasses.TestBaseClass" name="@BeforeMethod setup" time="0.009">
    <failure type="java.lang.IllegalStateException" message="The driver executable must exist: D:\Roshan\SELENIUM\geckodriver.exe">
      <![CDATA[java.lang.IllegalStateException: The driver executable must exist: D:\Roshan\SELENIUM\geckodriver.exe
at org.openqa.selenium.internal.Require$FileStateChecker.isFile(Require.java:342)
at org.openqa.selenium.remote.service.DriverService.checkExecutable(DriverService.java:147)
at org.openqa.selenium.remote.service.DriverService.findExecutable(DriverService.java:142)
at org.openqa.selenium.firefox.GeckoDriverService.access$100(GeckoDriverService.java:45)
at org.openqa.selenium.firefox.GeckoDriverService$Builder.findDefaultExecutable(GeckoDriverService.java:181)
at org.openqa.selenium.remote.service.DriverService$Builder.build(DriverService.java:437)
at org.openqa.selenium.firefox.GeckoDriverService.createDefaultService(GeckoDriverService.java:94)
at org.openqa.selenium.firefox.FirefoxDriver.<init>(FirefoxDriver.java:106)
at org.openqa.selenium.firefox.FirefoxDriver.<init>(FirefoxDriver.java:86)
at com.SauceDemo1.TestClasses.TestBaseClass.setup(TestBaseClass.java:34)
at java.base/java.util.ArrayList.forEach(ArrayList.java:1511)
... Removed 31 stack frames]]>
    </failure>
  </testcase> <!-- @BeforeMethod setup -->
  <testcase classname="com.SauceDemo1.TestClasses.TestBaseClass" name="@AfterMethod tearDown" time="-1.653826844849E9">
    <skipped/>
  </testcase> <!-- @AfterMethod tearDown -->
  <testcase classname="com.SauceDemo1.TestClasses.TC02LogOutPageFunctionality" name="LogoutFunctionality" time="0.0">
    <skipped/>
  </testcase> <!-- LogoutFunctionality -->
  <testcase classname="com.SauceDemo1.TestClasses.TC05SingleBuyProductFuntinality" name="SingleBuyProductFuntinality" time="0.0">
    <skipped/>
  </testcase> <!-- SingleBuyProductFuntinality -->
  <testcase classname="com.SauceDemo1.TestClasses.TC01LoginPageFunctionality" name="Loginfuntinality" time="0.0">
    <skipped/>
  </testcase> <!-- Loginfuntinality -->
</testsuite> <!-- FirefoxTest -->
