<?xml version="1.0" encoding="UTF-8"?>
<!-- Generated by org.testng.reporters.JUnitXMLReporter -->
<testsuite ignored="0" hostname="HPELITEBOOK-04" failures="0" tests="3" name="Test" time="0.084" errors="0" timestamp="2022-05-29T16:22:22 IST">
  <testcase classname="com.SauceDemo1.TestClasses.TestBaseClass" name="@BeforeMethod setup" time="-1.653821542729E9">
    <failure type="org.testng.TestNGException" message="
Parameter &amp;apos;browser name&amp;apos; is required by BeforeMethod on method setup but has not been marked @Optional or defined
in D:\Roshan\Test\testng.xml">
      <![CDATA[org.testng.TestNGException: 
Parameter 'browser name' is required by BeforeMethod on method setup but has not been marked @Optional or defined
in D:\Roshan\Test\testng.xml
at java.base/java.util.concurrent.ThreadPoolExecutor.runWorker(ThreadPoolExecutor.java:1136)
at java.base/java.util.concurrent.ThreadPoolExecutor$Worker.run(ThreadPoolExecutor.java:635)
at java.base/java.lang.Thread.run(Thread.java:833)
... Removed 13 stack frames]]>
    </failure>
  </testcase> <!-- @BeforeMethod setup -->
  <testcase classname="com.SauceDemo1.TestClasses.TestBaseClass" name="@BeforeMethod setup" time="-1.653821542729E9">
    <failure type="org.testng.TestNGException" message="
Parameter &amp;apos;browser name&amp;apos; is required by BeforeMethod on method setup but has not been marked @Optional or defined
in D:\Roshan\Test\testng.xml">
      <![CDATA[org.testng.TestNGException: 
Parameter 'browser name' is required by BeforeMethod on method setup but has not been marked @Optional or defined
in D:\Roshan\Test\testng.xml
at java.base/java.util.concurrent.ThreadPoolExecutor.runWorker(ThreadPoolExecutor.java:1136)
at java.base/java.util.concurrent.ThreadPoolExecutor$Worker.run(ThreadPoolExecutor.java:635)
at java.base/java.lang.Thread.run(Thread.java:833)
... Removed 13 stack frames]]>
    </failure>
  </testcase> <!-- @BeforeMethod setup -->
  <testcase classname="com.SauceDemo1.TestClasses.TestBaseClass" name="@BeforeMethod setup" time="-1.653821542729E9">
    <failure type="org.testng.TestNGException" message="
Parameter &amp;apos;browser name&amp;apos; is required by BeforeMethod on method setup but has not been marked @Optional or defined
in D:\Roshan\Test\testng.xml">
      <![CDATA[org.testng.TestNGException: 
Parameter 'browser name' is required by BeforeMethod on method setup but has not been marked @Optional or defined
in D:\Roshan\Test\testng.xml
at java.base/java.util.concurrent.ThreadPoolExecutor.runWorker(ThreadPoolExecutor.java:1136)
at java.base/java.util.concurrent.ThreadPoolExecutor$Worker.run(ThreadPoolExecutor.java:635)
at java.base/java.lang.Thread.run(Thread.java:833)
... Removed 13 stack frames]]>
    </failure>
  </testcase> <!-- @BeforeMethod setup -->
  <testcase classname="com.SauceDemo1.TestClasses.TestBaseClass" name="@AfterMethod tearDown" time="-1.653821542761E9">
    <skipped/>
  </testcase> <!-- @AfterMethod tearDown -->
  <testcase classname="com.SauceDemo1.TestClasses.TestBaseClass" name="@AfterMethod tearDown" time="-1.653821542769E9">
    <skipped/>
  </testcase> <!-- @AfterMethod tearDown -->
  <testcase classname="com.SauceDemo1.TestClasses.TestBaseClass" name="@AfterMethod tearDown" time="-1.653821542775E9">
    <skipped/>
  </testcase> <!-- @AfterMethod tearDown -->
  <testcase classname="com.SauceDemo1.TestClasses.TC01LoginPageFunctionality" name="Loginfuntinality" time="0.0">
    <skipped/>
  </testcase> <!-- Loginfuntinality -->
  <testcase classname="com.SauceDemo1.TestClasses.TC02LogOutPageFunctionality" name="LogoutFunctionality" time="0.0">
    <skipped/>
  </testcase> <!-- LogoutFunctionality -->
  <testcase classname="com.SauceDemo1.TestClasses.TC05SingleBuyProductFuntinality" name="SingleBuyProductFuntinality" time="0.0">
    <skipped/>
  </testcase> <!-- SingleBuyProductFuntinality -->
</testsuite> <!-- Test -->
